<resource>
  <title>Test Event One</title>
  <thumb>./img/gdiu/GDIU_Lab.png</thumb>
  <date>8/4</date>

  <body>
    !format
    This workshop will focus on the recently unveiled Entity-Component-System framework available in the Unity engine.
  </body>

  <tag>Beginner</tag>
  <tag>2D Art</tag>
</resource>