<event>
  <title>Test Event One</title>
  <thumb>./img/GDIU_Lab.png</thumb>
  <date>9/3</date>
  <time>12:00PM</time>
  <location>FH052</location>

  <body>
    !format
    This workshop will focus on the recently unveiled Entity-Component-System framework available in the Unity engine.
  </body>

  <tag>Art SIG</tag>
</event>